<?xml version="1.0" encoding="UTF-8"?>
<testsuite xmlns:xsi="http://www.w3.org/2001/XMLSchema-instance" xsi:noNamespaceSchemaLocation="https://maven.apache.org/surefire/maven-surefire-plugin/xsd/surefire-test-report.xsd" name="MyMoneyTest" time="0.129" tests="30" errors="0" skipped="0" failures="1">
  <properties>
    <property name="java.specification.version" value="19"/>
    <property name="sun.jnu.encoding" value="UTF-8"/>
    <property name="java.class.path" value="/Users/yash/Desktop/CS 342/HomeworkTwo/target/test-classes:/Users/yash/Desktop/CS 342/HomeworkTwo/target/classes:/Users/yash/.m2/repository/org/junit/jupiter/junit-jupiter/5.9.1/junit-jupiter-5.9.1.jar:/Users/yash/.m2/repository/org/junit/jupiter/junit-jupiter-api/5.9.1/junit-jupiter-api-5.9.1.jar:/Users/yash/.m2/repository/org/opentest4j/opentest4j/1.2.0/opentest4j-1.2.0.jar:/Users/yash/.m2/repository/org/junit/platform/junit-platform-commons/1.9.1/junit-platform-commons-1.9.1.jar:/Users/yash/.m2/repository/org/apiguardian/apiguardian-api/1.1.2/apiguardian-api-1.1.2.jar:/Users/yash/.m2/repository/org/junit/jupiter/junit-jupiter-params/5.9.1/junit-jupiter-params-5.9.1.jar:/Users/yash/.m2/repository/org/junit/jupiter/junit-jupiter-engine/5.9.1/junit-jupiter-engine-5.9.1.jar:/Users/yash/.m2/repository/org/junit/platform/junit-platform-engine/1.9.1/junit-platform-engine-1.9.1.jar:"/>
    <property name="java.vm.vendor" value="Oracle Corporation"/>
    <property name="sun.arch.data.model" value="64"/>
    <property name="java.vendor.url" value="https://java.oracle.com/"/>
    <property name="os.name" value="Mac OS X"/>
    <property name="java.vm.specification.version" value="19"/>
    <property name="sun.java.launcher" value="SUN_STANDARD"/>
    <property name="user.country" value="US"/>
    <property name="sun.boot.library.path" value="/Library/Java/JavaVirtualMachines/jdk-19.jdk/Contents/Home/lib"/>
    <property name="sun.java.command" value="/Users/yash/Desktop/CS 342/HomeworkTwo/target/surefire/surefirebooter202584856154051044.jar /Users/yash/Desktop/CS 342/HomeworkTwo/target/surefire 2023-02-14T20-40-04_468-jvmRun1 surefire14183588496923810857tmp surefire_012839107220229007875tmp"/>
    <property name="http.nonProxyHosts" value="local|*.local|169.254/16|*.169.254/16"/>
    <property name="jdk.debug" value="release"/>
    <property name="surefire.test.class.path" value="/Users/yash/Desktop/CS 342/HomeworkTwo/target/test-classes:/Users/yash/Desktop/CS 342/HomeworkTwo/target/classes:/Users/yash/.m2/repository/org/junit/jupiter/junit-jupiter/5.9.1/junit-jupiter-5.9.1.jar:/Users/yash/.m2/repository/org/junit/jupiter/junit-jupiter-api/5.9.1/junit-jupiter-api-5.9.1.jar:/Users/yash/.m2/repository/org/opentest4j/opentest4j/1.2.0/opentest4j-1.2.0.jar:/Users/yash/.m2/repository/org/junit/platform/junit-platform-commons/1.9.1/junit-platform-commons-1.9.1.jar:/Users/yash/.m2/repository/org/apiguardian/apiguardian-api/1.1.2/apiguardian-api-1.1.2.jar:/Users/yash/.m2/repository/org/junit/jupiter/junit-jupiter-params/5.9.1/junit-jupiter-params-5.9.1.jar:/Users/yash/.m2/repository/org/junit/jupiter/junit-jupiter-engine/5.9.1/junit-jupiter-engine-5.9.1.jar:/Users/yash/.m2/repository/org/junit/platform/junit-platform-engine/1.9.1/junit-platform-engine-1.9.1.jar:"/>
    <property name="sun.cpu.endian" value="little"/>
    <property name="user.home" value="/Users/yash"/>
    <property name="user.language" value="en"/>
    <property name="java.specification.vendor" value="Oracle Corporation"/>
    <property name="java.version.date" value="2022-10-18"/>
    <property name="java.home" value="/Library/Java/JavaVirtualMachines/jdk-19.jdk/Contents/Home"/>
    <property name="file.separator" value="/"/>
    <property name="basedir" value="/Users/yash/Desktop/CS 342/HomeworkTwo"/>
    <property name="style.color" value="always"/>
    <property name="java.vm.compressedOopsMode" value="Zero based"/>
    <property name="line.separator" value="&#10;"/>
    <property name="java.vm.specification.vendor" value="Oracle Corporation"/>
    <property name="java.specification.name" value="Java Platform API Specification"/>
    <property name="apple.awt.application.name" value="ForkedBooter"/>
    <property name="surefire.real.class.path" value="/Users/yash/Desktop/CS 342/HomeworkTwo/target/surefire/surefirebooter202584856154051044.jar"/>
    <property name="sun.management.compiler" value="HotSpot 64-Bit Tiered Compilers"/>
    <property name="ftp.nonProxyHosts" value="local|*.local|169.254/16|*.169.254/16"/>
    <property name="java.runtime.version" value="19.0.1+10-21"/>
    <property name="user.name" value="yash"/>
    <property name="stdout.encoding" value="UTF-8"/>
    <property name="path.separator" value=":"/>
    <property name="os.version" value="13.2"/>
    <property name="java.runtime.name" value="Java(TM) SE Runtime Environment"/>
    <property name="file.encoding" value="UTF-8"/>
    <property name="java.vm.name" value="Java HotSpot(TM) 64-Bit Server VM"/>
    <property name="localRepository" value="/Users/yash/.m2/repository"/>
    <property name="java.vendor.url.bug" value="https://bugreport.java.com/bugreport/"/>
    <property name="java.io.tmpdir" value="/var/folders/99/sllzhvbn16bcjd7gn67w7hg00000gn/T/"/>
    <property name="java.version" value="19.0.1"/>
    <property name="user.dir" value="/Users/yash/Desktop/CS 342/HomeworkTwo"/>
    <property name="os.arch" value="x86_64"/>
    <property name="java.vm.specification.name" value="Java Virtual Machine Specification"/>
    <property name="native.encoding" value="UTF-8"/>
    <property name="java.library.path" value="/Users/yash/Library/Java/Extensions:/Library/Java/Extensions:/Network/Library/Java/Extensions:/System/Library/Java/Extensions:/usr/lib/java:."/>
    <property name="java.vm.info" value="mixed mode, sharing"/>
    <property name="stderr.encoding" value="UTF-8"/>
    <property name="java.vendor" value="Oracle Corporation"/>
    <property name="java.vm.version" value="19.0.1+10-21"/>
    <property name="sun.io.unicode.encoding" value="UnicodeBig"/>
    <property name="socksNonProxyHosts" value="local|*.local|169.254/16|*.169.254/16"/>
    <property name="java.class.version" value="63.0"/>
  </properties>
  <testcase name="compoundSavings_variableContributionTestOne" classname="MyMoneyTest" time="0.013"/>
  <testcase name="compoundSavings_variableContributionTestTwo" classname="MyMoneyTest" time="0"/>
  <testcase name="getCashValuesTestOne{double}[1]" classname="MyMoneyTest" time="0.025"/>
  <testcase name="getCashValuesTestOne{double}[2]" classname="MyMoneyTest" time="0.001"/>
  <testcase name="getCashValuesTestOne{double}[3]" classname="MyMoneyTest" time="0.001"/>
  <testcase name="getCashValuesTestOne{double}[4]" classname="MyMoneyTest" time="0.001"/>
  <testcase name="getCashValuesTestOne{double}[5]" classname="MyMoneyTest" time="0"/>
  <testcase name="getCashValuesTestOne{double}[6]" classname="MyMoneyTest" time="0.001"/>
  <testcase name="getCashValuesTestOne{double}[7]" classname="MyMoneyTest" time="0"/>
  <testcase name="getCashValuesTestOne{double}[8]" classname="MyMoneyTest" time="0"/>
  <testcase name="getCashValuesTestTwo{double}[1]" classname="MyMoneyTest" time="0.001"/>
  <testcase name="getCashValuesTestTwo{double}[2]" classname="MyMoneyTest" time="0"/>
  <testcase name="getCashValuesTestTwo{double}[3]" classname="MyMoneyTest" time="0.001"/>
  <testcase name="getCashValuesTestTwo{double}[4]" classname="MyMoneyTest" time="0"/>
  <testcase name="getCashValuesTestTwo{double}[5]" classname="MyMoneyTest" time="0"/>
  <testcase name="getCashValuesTestTwo{double}[6]" classname="MyMoneyTest" time="0"/>
  <testcase name="getCashValuesTestTwo{double}[7]" classname="MyMoneyTest" time="0"/>
  <testcase name="getCashValuesTestTwo{double}[8]" classname="MyMoneyTest" time="0"/>
  <testcase name="getInterestValuesTestOne" classname="MyMoneyTest" time="0.001"/>
  <testcase name="getInterestValuesTestTwo" classname="MyMoneyTest" time="0.001"/>
  <testcase name="myMoneySecondConstructorTestOne" classname="MyMoneyTest" time="0.001"/>
  <testcase name="myMoneySecondConstructorTestTwo" classname="MyMoneyTest" time="0.001"/>
  <testcase name="lumpSum_VariableRateTestOne" classname="MyMoneyTest" time="0"/>
  <testcase name="lumpSum_VariableRateTestTwo" classname="MyMoneyTest" time="0"/>
  <testcase name="myMoneyFirstConstructorTestOne" classname="MyMoneyTest" time="0.001"/>
  <testcase name="myMoneyFirstConstructorTestTwo" classname="MyMoneyTest" time="0.006">
    <failure message="interest arrays are not equal in constructor one ==&gt; actual array was &lt;null&gt;" type="org.opentest4j.AssertionFailedError"><![CDATA[org.opentest4j.AssertionFailedError: interest arrays are not equal in constructor one ==> actual array was <null>
	at MyMoneyTest.myMoneyFirstConstructorTestTwo(MyMoneyTest.java:28)
]]></failure>
  </testcase>
  <testcase name="compoundSavings_sameContributionTestOne" classname="MyMoneyTest" time="0.001"/>
  <testcase name="compoundSavings_sameContributionTestTwo" classname="MyMoneyTest" time="0"/>
  <testcase name="lumpSum_ConstantRateTestOne" classname="MyMoneyTest" time="0"/>
  <testcase name="lumpSum_ConstantRateTestTwo" classname="MyMoneyTest" time="0.001"/>
</testsuite>